This file contains any messages produced by compilers while
running configure, to aid debugging if configure makes a mistake.

It was created by blackbox configure 0.70.1, which was
generated by GNU Autoconf 2.59.  Invocation command line was

  $ ./configure 

## --------- ##
## Platform. ##
## --------- ##

hostname = nrag-agent
uname -m = x86_64
uname -r = 4.12.8-2-ARCH
uname -s = Linux
uname -v = #1 SMP PREEMPT Fri Aug 18 14:08:02 UTC 2017

/usr/bin/uname -p = unknown
/bin/uname -X     = unknown

/bin/arch              = unknown
/usr/bin/arch -k       = unknown
/usr/convex/getsysinfo = unknown
hostinfo               = unknown
/bin/machine           = unknown
/usr/bin/oslevel       = unknown
/bin/universe          = unknown

PATH: /usr/local/sbin
PATH: /usr/local/bin
PATH: /usr/bin
PATH: /usr/lib/jvm/default/bin
PATH: /usr/bin/site_perl
PATH: /usr/bin/vendor_perl
PATH: /usr/bin/core_perl


## ----------- ##
## Core tests. ##
## ----------- ##

configure:1581: checking for a BSD-compatible install
configure:1636: result: /usr/bin/install -c
configure:1647: checking whether build environment is sane
configure:1690: result: yes
configure:1755: checking for gawk
configure:1771: found /usr/bin/gawk
configure:1781: result: gawk
configure:1791: checking whether make sets $(MAKE)
configure:1811: result: yes
configure:2036: checking for gcc
configure:2052: found /usr/bin/gcc
configure:2062: result: gcc
configure:2306: checking for C compiler version
configure:2309: gcc --version </dev/null >&5
gcc (GCC) 7.1.1 20170630
Copyright (C) 2017 Free Software Foundation, Inc.
This is free software; see the source for copying conditions.  There is NO
warranty; not even for MERCHANTABILITY or FITNESS FOR A PARTICULAR PURPOSE.

configure:2312: $? = 0
configure:2314: gcc -v </dev/null >&5
Using built-in specs.
COLLECT_GCC=gcc
COLLECT_LTO_WRAPPER=/usr/lib/gcc/x86_64-pc-linux-gnu/7.1.1/lto-wrapper
Target: x86_64-pc-linux-gnu
Configured with: /build/gcc/src/gcc/configure --prefix=/usr --libdir=/usr/lib --libexecdir=/usr/lib --mandir=/usr/share/man --infodir=/usr/share/info --with-bugurl=https://bugs.archlinux.org/ --enable-languages=c,c++,ada,fortran,go,lto,objc,obj-c++ --enable-shared --enable-threads=posix --enable-libmpx --with-system-zlib --with-isl --enable-__cxa_atexit --disable-libunwind-exceptions --enable-clocale=gnu --disable-libstdcxx-pch --disable-libssp --enable-gnu-unique-object --enable-linker-build-id --enable-lto --enable-plugin --enable-install-libiberty --with-linker-hash-style=gnu --enable-gnu-indirect-function --disable-multilib --disable-werror --enable-checking=release --enable-default-pie --enable-default-ssp
Thread model: posix
gcc version 7.1.1 20170630 (GCC) 
configure:2317: $? = 0
configure:2319: gcc -V </dev/null >&5
gcc: error: unrecognized command line option '-V'
gcc: fatal error: no input files
compilation terminated.
configure:2322: $? = 1
configure:2345: checking for C compiler default output file name
configure:2348: gcc   -I/usr/local/include  -L/usr/local/lib conftest.c  >&5
configure:2351: $? = 0
configure:2397: result: a.out
configure:2402: checking whether the C compiler works
configure:2408: ./a.out
configure:2411: $? = 0
configure:2428: result: yes
configure:2435: checking whether we are cross compiling
configure:2437: result: no
configure:2440: checking for suffix of executables
configure:2442: gcc -o conftest   -I/usr/local/include  -L/usr/local/lib conftest.c  >&5
configure:2445: $? = 0
configure:2470: result: 
configure:2476: checking for suffix of object files
configure:2497: gcc -c   -I/usr/local/include conftest.c >&5
configure:2500: $? = 0
configure:2522: result: o
configure:2526: checking whether we are using the GNU C compiler
configure:2550: gcc -c   -I/usr/local/include conftest.c >&5
configure:2556: $? = 0
configure:2560: test -z 
			 || test ! -s conftest.err
configure:2563: $? = 0
configure:2566: test -s conftest.o
configure:2569: $? = 0
configure:2582: result: yes
configure:2588: checking whether gcc accepts -g
configure:2609: gcc -c -g  -I/usr/local/include conftest.c >&5
configure:2615: $? = 0
configure:2619: test -z 
			 || test ! -s conftest.err
configure:2622: $? = 0
configure:2625: test -s conftest.o
configure:2628: $? = 0
configure:2639: result: yes
configure:2656: checking for gcc option to accept ANSI C
configure:2726: gcc  -c -g -O2  -I/usr/local/include conftest.c >&5
configure:2732: $? = 0
configure:2736: test -z 
			 || test ! -s conftest.err
configure:2739: $? = 0
configure:2742: test -s conftest.o
configure:2745: $? = 0
configure:2763: result: none needed
configure:2781: gcc -c -g -O2  -I/usr/local/include conftest.c >&5
conftest.c:2:3: error: unknown type name 'choke'
   choke me
   ^~~~~
conftest.c:2:3: error: expected '=', ',', ';', 'asm' or '__attribute__' at end of input
configure:2787: $? = 1
configure: failed program was:
| #ifndef __cplusplus
|   choke me
| #endif
configure:2931: checking for style of include used by make
configure:2959: result: GNU
configure:2987: checking dependency style of gcc
configure:3077: result: gcc3
configure:3101: checking how to run the C preprocessor
configure:3136: gcc -E  -I/usr/local/include conftest.c
configure:3142: $? = 0
configure:3174: gcc -E  -I/usr/local/include conftest.c
conftest.c:11:10: fatal error: ac_nonexistent.h: No such file or directory
 #include <ac_nonexistent.h>
          ^~~~~~~~~~~~~~~~~~
compilation terminated.
configure:3180: $? = 1
configure: failed program was:
| /* confdefs.h.  */
| 
| #define PACKAGE_NAME "blackbox"
| #define PACKAGE_TARNAME "blackbox"
| #define PACKAGE_VERSION "0.70.1"
| #define PACKAGE_STRING "blackbox 0.70.1"
| #define PACKAGE_BUGREPORT "http://blackboxwm.sourceforge.net"
| #define PACKAGE "blackbox"
| #define VERSION "0.70.1"
| /* end confdefs.h.  */
| #include <ac_nonexistent.h>
configure:3219: result: gcc -E
configure:3243: gcc -E  -I/usr/local/include conftest.c
configure:3249: $? = 0
configure:3281: gcc -E  -I/usr/local/include conftest.c
conftest.c:11:10: fatal error: ac_nonexistent.h: No such file or directory
 #include <ac_nonexistent.h>
          ^~~~~~~~~~~~~~~~~~
compilation terminated.
configure:3287: $? = 1
configure: failed program was:
| /* confdefs.h.  */
| 
| #define PACKAGE_NAME "blackbox"
| #define PACKAGE_TARNAME "blackbox"
| #define PACKAGE_VERSION "0.70.1"
| #define PACKAGE_STRING "blackbox 0.70.1"
| #define PACKAGE_BUGREPORT "http://blackboxwm.sourceforge.net"
| #define PACKAGE "blackbox"
| #define VERSION "0.70.1"
| /* end confdefs.h.  */
| #include <ac_nonexistent.h>
configure:3331: checking for egrep
configure:3341: result: grep -E
configure:3346: checking for ANSI C header files
configure:3371: gcc -c -g -O2  -I/usr/local/include conftest.c >&5
configure:3377: $? = 0
configure:3381: test -z 
			 || test ! -s conftest.err
configure:3384: $? = 0
configure:3387: test -s conftest.o
configure:3390: $? = 0
configure:3479: gcc -o conftest -g -O2  -I/usr/local/include  -L/usr/local/lib conftest.c  >&5
conftest.c: In function 'main':
conftest.c:28:7: warning: implicit declaration of function 'exit' [-Wimplicit-function-declaration]
       exit(2);
       ^~~~
conftest.c:28:7: warning: incompatible implicit declaration of built-in function 'exit'
conftest.c:28:7: note: include '<stdlib.h>' or provide a declaration of 'exit'
conftest.c:29:3: warning: incompatible implicit declaration of built-in function 'exit'
   exit (0);
   ^~~~
conftest.c:29:3: note: include '<stdlib.h>' or provide a declaration of 'exit'
configure:3482: $? = 0
configure:3484: ./conftest
configure:3487: $? = 0
configure:3502: result: yes
configure:3570: checking for g++
configure:3586: found /usr/bin/g++
configure:3596: result: g++
configure:3612: checking for C++ compiler version
configure:3615: g++ --version </dev/null >&5
g++ (GCC) 7.1.1 20170630
Copyright (C) 2017 Free Software Foundation, Inc.
This is free software; see the source for copying conditions.  There is NO
warranty; not even for MERCHANTABILITY or FITNESS FOR A PARTICULAR PURPOSE.

configure:3618: $? = 0
configure:3620: g++ -v </dev/null >&5
Using built-in specs.
COLLECT_GCC=g++
COLLECT_LTO_WRAPPER=/usr/lib/gcc/x86_64-pc-linux-gnu/7.1.1/lto-wrapper
Target: x86_64-pc-linux-gnu
Configured with: /build/gcc/src/gcc/configure --prefix=/usr --libdir=/usr/lib --libexecdir=/usr/lib --mandir=/usr/share/man --infodir=/usr/share/info --with-bugurl=https://bugs.archlinux.org/ --enable-languages=c,c++,ada,fortran,go,lto,objc,obj-c++ --enable-shared --enable-threads=posix --enable-libmpx --with-system-zlib --with-isl --enable-__cxa_atexit --disable-libunwind-exceptions --enable-clocale=gnu --disable-libstdcxx-pch --disable-libssp --enable-gnu-unique-object --enable-linker-build-id --enable-lto --enable-plugin --enable-install-libiberty --with-linker-hash-style=gnu --enable-gnu-indirect-function --disable-multilib --disable-werror --enable-checking=release --enable-default-pie --enable-default-ssp
Thread model: posix
gcc version 7.1.1 20170630 (GCC) 
configure:3623: $? = 0
configure:3625: g++ -V </dev/null >&5
g++: error: unrecognized command line option '-V'
g++: fatal error: no input files
compilation terminated.
configure:3628: $? = 1
configure:3631: checking whether we are using the GNU C++ compiler
configure:3655: g++ -c   -I/usr/local/include conftest.cc >&5
configure:3661: $? = 0
configure:3665: test -z 
			 || test ! -s conftest.err
configure:3668: $? = 0
configure:3671: test -s conftest.o
configure:3674: $? = 0
configure:3687: result: yes
configure:3693: checking whether g++ accepts -g
configure:3714: g++ -c -g  -I/usr/local/include conftest.cc >&5
configure:3720: $? = 0
configure:3724: test -z 
			 || test ! -s conftest.err
configure:3727: $? = 0
configure:3730: test -s conftest.o
configure:3733: $? = 0
configure:3744: result: yes
configure:3786: g++ -c -g -O2  -I/usr/local/include conftest.cc >&5
configure:3792: $? = 0
configure:3796: test -z 
			 || test ! -s conftest.err
configure:3799: $? = 0
configure:3802: test -s conftest.o
configure:3805: $? = 0
configure:3831: g++ -c -g -O2  -I/usr/local/include conftest.cc >&5
conftest.cc: In function 'int main()':
conftest.cc:16:1: error: 'exit' was not declared in this scope
 exit (42);
 ^~~~
configure:3837: $? = 1
configure: failed program was:
| /* confdefs.h.  */
| 
| #define PACKAGE_NAME "blackbox"
| #define PACKAGE_TARNAME "blackbox"
| #define PACKAGE_VERSION "0.70.1"
| #define PACKAGE_STRING "blackbox 0.70.1"
| #define PACKAGE_BUGREPORT "http://blackboxwm.sourceforge.net"
| #define PACKAGE "blackbox"
| #define VERSION "0.70.1"
| #define STDC_HEADERS 1
| /* end confdefs.h.  */
| 
| int
| main ()
| {
| exit (42);
|   ;
|   return 0;
| }
configure:3786: g++ -c -g -O2  -I/usr/local/include conftest.cc >&5
configure:3792: $? = 0
configure:3796: test -z 
			 || test ! -s conftest.err
configure:3799: $? = 0
configure:3802: test -s conftest.o
configure:3805: $? = 0
configure:3831: g++ -c -g -O2  -I/usr/local/include conftest.cc >&5
configure:3837: $? = 0
configure:3841: test -z 
			 || test ! -s conftest.err
configure:3844: $? = 0
configure:3847: test -s conftest.o
configure:3850: $? = 0
configure:3875: checking dependency style of g++
configure:3965: result: gcc3
configure:3995: checking for a BSD-compatible install
configure:4050: result: /usr/bin/install -c
configure:4141: checking build system type
configure:4159: result: x86_64-unknown-linux-gnu
configure:4167: checking host system type
configure:4181: result: x86_64-unknown-linux-gnu
configure:4189: checking for a sed that does not truncate output
configure:4243: result: /usr/bin/sed
configure:4257: checking for ld used by gcc
configure:4324: result: /usr/bin/ld
configure:4333: checking if the linker (/usr/bin/ld) is GNU ld
configure:4348: result: yes
configure:4353: checking for /usr/bin/ld option to reload object files
configure:4360: result: -r
configure:4378: checking for BSD-compatible nm
configure:4420: result: /usr/bin/nm -B
configure:4424: checking whether ln -s works
configure:4428: result: yes
configure:4435: checking how to recognise dependent libraries
configure:4607: result: pass_all
configure:4691: gcc -c -g -O2  -I/usr/local/include conftest.c >&5
configure:4694: $? = 0
configure:4829: checking for sys/types.h
configure:4845: gcc -c -g -O2  -I/usr/local/include conftest.c >&5
configure:4851: $? = 0
configure:4855: test -z 
			 || test ! -s conftest.err
configure:4858: $? = 0
configure:4861: test -s conftest.o
configure:4864: $? = 0
configure:4875: result: yes
configure:4829: checking for sys/stat.h
configure:4845: gcc -c -g -O2  -I/usr/local/include conftest.c >&5
configure:4851: $? = 0
configure:4855: test -z 
			 || test ! -s conftest.err
configure:4858: $? = 0
configure:4861: test -s conftest.o
configure:4864: $? = 0
configure:4875: result: yes
configure:4829: checking for stdlib.h
configure:4845: gcc -c -g -O2  -I/usr/local/include conftest.c >&5
configure:4851: $? = 0
configure:4855: test -z 
			 || test ! -s conftest.err
configure:4858: $? = 0
configure:4861: test -s conftest.o
configure:4864: $? = 0
configure:4875: result: yes
configure:4829: checking for string.h
configure:4845: gcc -c -g -O2  -I/usr/local/include conftest.c >&5
configure:4851: $? = 0
configure:4855: test -z 
			 || test ! -s conftest.err
configure:4858: $? = 0
configure:4861: test -s conftest.o
configure:4864: $? = 0
configure:4875: result: yes
configure:4829: checking for memory.h
configure:4845: gcc -c -g -O2  -I/usr/local/include conftest.c >&5
configure:4851: $? = 0
configure:4855: test -z 
			 || test ! -s conftest.err
configure:4858: $? = 0
configure:4861: test -s conftest.o
configure:4864: $? = 0
configure:4875: result: yes
configure:4829: checking for strings.h
configure:4845: gcc -c -g -O2  -I/usr/local/include conftest.c >&5
configure:4851: $? = 0
configure:4855: test -z 
			 || test ! -s conftest.err
configure:4858: $? = 0
configure:4861: test -s conftest.o
configure:4864: $? = 0
configure:4875: result: yes
configure:4829: checking for inttypes.h
configure:4845: gcc -c -g -O2  -I/usr/local/include conftest.c >&5
configure:4851: $? = 0
configure:4855: test -z 
			 || test ! -s conftest.err
configure:4858: $? = 0
configure:4861: test -s conftest.o
configure:4864: $? = 0
configure:4875: result: yes
configure:4829: checking for stdint.h
configure:4845: gcc -c -g -O2  -I/usr/local/include conftest.c >&5
configure:4851: $? = 0
configure:4855: test -z 
			 || test ! -s conftest.err
configure:4858: $? = 0
configure:4861: test -s conftest.o
configure:4864: $? = 0
configure:4875: result: yes
configure:4829: checking for unistd.h
configure:4845: gcc -c -g -O2  -I/usr/local/include conftest.c >&5
configure:4851: $? = 0
configure:4855: test -z 
			 || test ! -s conftest.err
configure:4858: $? = 0
configure:4861: test -s conftest.o
configure:4864: $? = 0
configure:4875: result: yes
configure:4901: checking dlfcn.h usability
configure:4913: gcc -c -g -O2  -I/usr/local/include conftest.c >&5
configure:4919: $? = 0
configure:4923: test -z 
			 || test ! -s conftest.err
configure:4926: $? = 0
configure:4929: test -s conftest.o
configure:4932: $? = 0
configure:4942: result: yes
configure:4946: checking dlfcn.h presence
configure:4956: gcc -E  -I/usr/local/include conftest.c
configure:4962: $? = 0
configure:4982: result: yes
configure:5017: checking for dlfcn.h
configure:5024: result: yes
configure:5047: checking how to run the C++ preprocessor
configure:5078: g++ -E  -I/usr/local/include conftest.cc
configure:5084: $? = 0
configure:5116: g++ -E  -I/usr/local/include conftest.cc
conftest.cc:25:10: fatal error: ac_nonexistent.h: No such file or directory
 #include <ac_nonexistent.h>
          ^~~~~~~~~~~~~~~~~~
compilation terminated.
configure:5122: $? = 1
configure: failed program was:
| /* confdefs.h.  */
| 
| #define PACKAGE_NAME "blackbox"
| #define PACKAGE_TARNAME "blackbox"
| #define PACKAGE_VERSION "0.70.1"
| #define PACKAGE_STRING "blackbox 0.70.1"
| #define PACKAGE_BUGREPORT "http://blackboxwm.sourceforge.net"
| #define PACKAGE "blackbox"
| #define VERSION "0.70.1"
| #define STDC_HEADERS 1
| #ifdef __cplusplus
| extern "C" void std::exit (int) throw (); using std::exit;
| #endif
| #define HAVE_SYS_TYPES_H 1
| #define HAVE_SYS_STAT_H 1
| #define HAVE_STDLIB_H 1
| #define HAVE_STRING_H 1
| #define HAVE_MEMORY_H 1
| #define HAVE_STRINGS_H 1
| #define HAVE_INTTYPES_H 1
| #define HAVE_STDINT_H 1
| #define HAVE_UNISTD_H 1
| #define HAVE_DLFCN_H 1
| /* end confdefs.h.  */
| #include <ac_nonexistent.h>
configure:5161: result: g++ -E
configure:5185: g++ -E  -I/usr/local/include conftest.cc
configure:5191: $? = 0
configure:5223: g++ -E  -I/usr/local/include conftest.cc
conftest.cc:25:10: fatal error: ac_nonexistent.h: No such file or directory
 #include <ac_nonexistent.h>
          ^~~~~~~~~~~~~~~~~~
compilation terminated.
configure:5229: $? = 1
configure: failed program was:
| /* confdefs.h.  */
| 
| #define PACKAGE_NAME "blackbox"
| #define PACKAGE_TARNAME "blackbox"
| #define PACKAGE_VERSION "0.70.1"
| #define PACKAGE_STRING "blackbox 0.70.1"
| #define PACKAGE_BUGREPORT "http://blackboxwm.sourceforge.net"
| #define PACKAGE "blackbox"
| #define VERSION "0.70.1"
| #define STDC_HEADERS 1
| #ifdef __cplusplus
| extern "C" void std::exit (int) throw (); using std::exit;
| #endif
| #define HAVE_SYS_TYPES_H 1
| #define HAVE_SYS_STAT_H 1
| #define HAVE_STDLIB_H 1
| #define HAVE_STRING_H 1
| #define HAVE_MEMORY_H 1
| #define HAVE_STRINGS_H 1
| #define HAVE_INTTYPES_H 1
| #define HAVE_STDINT_H 1
| #define HAVE_UNISTD_H 1
| #define HAVE_DLFCN_H 1
| /* end confdefs.h.  */
| #include <ac_nonexistent.h>
configure:5326: checking for g77
configure:5355: result: no
configure:5326: checking for f77
configure:5355: result: no
configure:5326: checking for xlf
configure:5355: result: no
configure:5326: checking for frt
configure:5355: result: no
configure:5326: checking for pgf77
configure:5355: result: no
configure:5326: checking for fort77
configure:5355: result: no
configure:5326: checking for fl32
configure:5355: result: no
configure:5326: checking for af77
configure:5355: result: no
configure:5326: checking for f90
configure:5355: result: no
configure:5326: checking for xlf90
configure:5355: result: no
configure:5326: checking for pgf90
configure:5355: result: no
configure:5326: checking for epcf90
configure:5355: result: no
configure:5326: checking for f95
configure:5355: result: no
configure:5326: checking for fort
configure:5355: result: no
configure:5326: checking for xlf95
configure:5355: result: no
configure:5326: checking for ifc
configure:5355: result: no
configure:5326: checking for efc
configure:5355: result: no
configure:5326: checking for pgf95
configure:5355: result: no
configure:5326: checking for lf95
configure:5355: result: no
configure:5326: checking for gfortran
configure:5355: result: no
configure:5367: checking for Fortran 77 compiler version
configure:5370:  --version </dev/null >&5
./configure: line 5371: --version: command not found
configure:5373: $? = 127
configure:5375:  -v </dev/null >&5
./configure: line 5376: -v: command not found
configure:5378: $? = 127
configure:5380:  -V </dev/null >&5
./configure: line 5381: -V: command not found
configure:5383: $? = 127
configure:5391: checking whether we are using the GNU Fortran 77 compiler
configure:5405:  -c  conftest.F >&5
./configure: line 5406: -c: command not found
configure:5411: $? = 127
configure: failed program was:
|       program main
| #ifndef __GNUC__
|        choke me
| #endif
| 
|       end
configure:5437: result: no
configure:5443: checking whether  accepts -g
configure:5455:  -c -g conftest.f >&5
./configure: line 5456: -c: command not found
configure:5461: $? = 127
configure: failed program was:
|       program main
| 
|       end
configure:5486: result: no
configure:5516: checking the maximum length of command line arguments
configure:5608: result: 32768
configure:5619: checking command to parse /usr/bin/nm -B output from gcc object
configure:5715: gcc -c -g -O2  -I/usr/local/include conftest.c >&5
configure:5718: $? = 0
configure:5722: /usr/bin/nm -B conftest.o \| sed -n -e 's/^.*[ 	]\([ABCDGIRSTW][ABCDGIRSTW]*\)[ 	][ 	]*\([_A-Za-z][_A-Za-z0-9]*\)$/\1 \2 \2/p' \> conftest.nm
configure:5725: $? = 0
configure:5777: gcc -o conftest -g -O2  -I/usr/local/include  -L/usr/local/lib conftest.c conftstm.o >&5
configure:5780: $? = 0
configure:5818: result: ok
configure:5822: checking for objdir
configure:5837: result: .libs
configure:5927: checking for ar
configure:5943: found /usr/bin/ar
configure:5954: result: ar
configure:6007: checking for ranlib
configure:6023: found /usr/bin/ranlib
configure:6034: result: ranlib
configure:6087: checking for strip
configure:6103: found /usr/bin/strip
configure:6114: result: strip
configure:6401: checking if gcc static flag  works
configure:6429: result: yes
configure:6447: checking if gcc supports -fno-rtti -fno-exceptions
configure:6465: gcc -c -g -O2  -I/usr/local/include -fno-rtti -fno-exceptions conftest.c >&5
cc1: warning: command line option '-fno-rtti' is valid for C++/ObjC++ but not for C
configure:6469: $? = 0
configure:6482: result: no
configure:6497: checking for gcc option to produce PIC
configure:6701: result: -fPIC
configure:6709: checking if gcc PIC flag -fPIC works
configure:6727: gcc -c -g -O2  -I/usr/local/include -fPIC -DPIC conftest.c >&5
configure:6731: $? = 0
configure:6744: result: yes
configure:6768: checking if gcc supports -c -o file.o
configure:6789: gcc -c -g -O2  -I/usr/local/include -o out/conftest2.o conftest.c >&5
configure:6793: $? = 0
configure:6815: result: yes
configure:6841: checking whether the gcc linker (/usr/bin/ld -m elf_x86_64) supports shared libraries
configure:7737: result: yes
configure:7808: checking dynamic linker characteristics
configure:8354: result: GNU/Linux ld.so
configure:8358: checking how to hardcode library paths into programs
configure:8383: result: immediate
configure:8397: checking whether stripping libraries is possible
configure:8402: result: yes
configure:9232: checking if libtool supports shared libraries
configure:9234: result: yes
configure:9237: checking whether to build shared libraries
configure:9258: result: no
configure:9261: checking whether to build static libraries
configure:9265: result: yes
configure:9357: creating libtool
configure:9935: checking for ld used by g++
configure:10002: result: /usr/bin/ld -m elf_x86_64
configure:10011: checking if the linker (/usr/bin/ld -m elf_x86_64) is GNU ld
configure:10026: result: yes
configure:10077: checking whether the g++ linker (/usr/bin/ld -m elf_x86_64) supports shared libraries
configure:10964: result: yes
configure:10982: g++ -c -g -O2  -I/usr/local/include conftest.cc >&5
configure:10985: $? = 0
configure:11081: checking for g++ option to produce PIC
configure:11349: result: -fPIC
configure:11357: checking if g++ PIC flag -fPIC works
configure:11375: g++ -c -g -O2  -I/usr/local/include -fPIC -DPIC conftest.cc >&5
configure:11379: $? = 0
configure:11392: result: yes
configure:11416: checking if g++ supports -c -o file.o
configure:11437: g++ -c -g -O2  -I/usr/local/include -o out/conftest2.o conftest.cc >&5
configure:11441: $? = 0
configure:11463: result: yes
configure:11489: checking whether the g++ linker (/usr/bin/ld -m elf_x86_64) supports shared libraries
configure:11514: result: yes
configure:11585: checking dynamic linker characteristics
configure:12131: result: GNU/Linux ld.so
configure:12135: checking how to hardcode library paths into programs
configure:12160: result: immediate
configure:12174: checking whether stripping libraries is possible
configure:12179: result: yes
configure:19691: checking for sed
configure:19707: found /usr/bin/sed
configure:19717: result: sed
configure:19737: checking for gencat
configure:19753: found /usr/bin/gencat
configure:19763: result: gencat
configure:19811: checking for iconv_open
configure:19868: g++ -o conftest -g -O2  -I/usr/local/include  -L/usr/local/lib conftest.cc  >&5
configure:19874: $? = 0
configure:19878: test -z 
			 || test ! -s conftest.err
configure:19881: $? = 0
configure:19884: test -s conftest
configure:19887: $? = 0
configure:19899: result: yes
configure:20055: checking for GNU libiconv
configure:20073: g++ -c -g -O2  -I/usr/local/include conftest.cc >&5
conftest.cc: In function 'int main(int, char**)':
conftest.cc:10:15: error: invalid conversion from 'const char**' to 'char**' [-fpermissive]
     iconv(cd, &inp, &inbytes, &outp, &outbytes);
               ^~~~
In file included from conftest.cc:3:0:
/usr/include/iconv.h:42:15: note:   initializing argument 2 of 'size_t iconv(iconv_t, char**, size_t*, char**, size_t*)'
 extern size_t iconv (iconv_t __cd, char **__restrict __inbuf,
               ^~~~~
configure:20079: $? = 1
configure: failed program was:
| 
| #include <sys/types.h>
| #include <iconv.h>
| 
| int main(int, char **) {
|     iconv_t cd;
|     const char *inp;
|     char *outp;
|     size_t inbytes, outbytes;
|     iconv(cd, &inp, &inbytes, &outp, &outbytes);
|     return 0;
| }
| 
configure:20105: result: no, assuming POSIX compliance
configure:20116: checking for setlocale
configure:20173: g++ -o conftest -g -O2  -I/usr/local/include  -L/usr/local/lib conftest.cc  >&5
configure:20179: $? = 0
configure:20183: test -z 
			 || test ! -s conftest.err
configure:20186: $? = 0
configure:20189: test -s conftest
configure:20192: $? = 0
configure:20204: result: yes
configure:20290: checking for nl_langinfo
configure:20305: g++ -c -g -O2  -I/usr/local/include conftest.cc >&5
configure:20311: $? = 0
configure:20315: test -z 
			 || test ! -s conftest.err
configure:20318: $? = 0
configure:20321: test -s conftest.o
configure:20324: $? = 0
configure:20331: result: yes
configure:20343: checking for t_open in -lnsl
configure:20373: g++ -o conftest -g -O2  -I/usr/local/include  -L/usr/local/lib conftest.cc -lnsl   >&5
/tmp/ccDJ6J3m.o: In function `main':
/home/vixadd/eclipse-workspace/ZebX/bbdev/conftest.cc:39: undefined reference to `t_open'
collect2: error: ld returned 1 exit status
configure:20379: $? = 1
configure: failed program was:
| /* confdefs.h.  */
| 
| #define PACKAGE_NAME "blackbox"
| #define PACKAGE_TARNAME "blackbox"
| #define PACKAGE_VERSION "0.70.1"
| #define PACKAGE_STRING "blackbox 0.70.1"
| #define PACKAGE_BUGREPORT "http://blackboxwm.sourceforge.net"
| #define PACKAGE "blackbox"
| #define VERSION "0.70.1"
| #define STDC_HEADERS 1
| #ifdef __cplusplus
| extern "C" void std::exit (int) throw (); using std::exit;
| #endif
| #define HAVE_SYS_TYPES_H 1
| #define HAVE_SYS_STAT_H 1
| #define HAVE_STDLIB_H 1
| #define HAVE_STRING_H 1
| #define HAVE_MEMORY_H 1
| #define HAVE_STRINGS_H 1
| #define HAVE_INTTYPES_H 1
| #define HAVE_STDINT_H 1
| #define HAVE_UNISTD_H 1
| #define HAVE_DLFCN_H 1
| #define HAVE_ICONV_OPEN 1
| #define HAVE_SETLOCALE 1
| #define HAVE_NL_LANGINFO 1
| /* end confdefs.h.  */
| 
| /* Override any gcc2 internal prototype to avoid an error.  */
| #ifdef __cplusplus
| extern "C"
| #endif
| /* We use char because int might match the return type of a gcc2
|    builtin and then its argument prototype would still apply.  */
| char t_open ();
| int
| main ()
| {
| t_open ();
|   ;
|   return 0;
| }
configure:20405: result: no
configure:20411: checking for socket in -lsocket
configure:20441: g++ -o conftest -g -O2  -I/usr/local/include  -L/usr/local/lib conftest.cc -lsocket   >&5
/usr/bin/ld: cannot find -lsocket
collect2: error: ld returned 1 exit status
configure:20447: $? = 1
configure: failed program was:
| /* confdefs.h.  */
| 
| #define PACKAGE_NAME "blackbox"
| #define PACKAGE_TARNAME "blackbox"
| #define PACKAGE_VERSION "0.70.1"
| #define PACKAGE_STRING "blackbox 0.70.1"
| #define PACKAGE_BUGREPORT "http://blackboxwm.sourceforge.net"
| #define PACKAGE "blackbox"
| #define VERSION "0.70.1"
| #define STDC_HEADERS 1
| #ifdef __cplusplus
| extern "C" void std::exit (int) throw (); using std::exit;
| #endif
| #define HAVE_SYS_TYPES_H 1
| #define HAVE_SYS_STAT_H 1
| #define HAVE_STDLIB_H 1
| #define HAVE_STRING_H 1
| #define HAVE_MEMORY_H 1
| #define HAVE_STRINGS_H 1
| #define HAVE_INTTYPES_H 1
| #define HAVE_STDINT_H 1
| #define HAVE_UNISTD_H 1
| #define HAVE_DLFCN_H 1
| #define HAVE_ICONV_OPEN 1
| #define HAVE_SETLOCALE 1
| #define HAVE_NL_LANGINFO 1
| /* end confdefs.h.  */
| 
| /* Override any gcc2 internal prototype to avoid an error.  */
| #ifdef __cplusplus
| extern "C"
| #endif
| /* We use char because int might match the return type of a gcc2
|    builtin and then its argument prototype would still apply.  */
| char socket ();
| int
| main ()
| {
| socket ();
|   ;
|   return 0;
| }
configure:20473: result: no
configure:20481: checking for X
configure:20586: g++ -E  -I/usr/local/include conftest.cc
configure:20592: $? = 0
configure:20642: g++ -o conftest -g -O2  -I/usr/local/include  -L/usr/local/lib conftest.cc -lXt  >&5
configure:20648: $? = 0
configure:20652: test -z 
			 || test ! -s conftest.err
configure:20655: $? = 0
configure:20658: test -s conftest
configure:20661: $? = 0
configure:20711: result: libraries , headers 
configure:20731: checking for XOpenDisplay in -lX11
configure:20761: g++ -o conftest -g -O2  -I/usr/local/include  -L/usr/local/lib conftest.cc -lX11   >&5
configure:20767: $? = 0
configure:20771: test -z 
			 || test ! -s conftest.err
configure:20774: $? = 0
configure:20777: test -s conftest
configure:20780: $? = 0
configure:20793: result: yes
configure:20819: checking X11/Xlib.h usability
configure:20831: g++ -c -g -O2  -I/usr/local/include conftest.cc >&5
configure:20837: $? = 0
configure:20841: test -z 
			 || test ! -s conftest.err
configure:20844: $? = 0
configure:20847: test -s conftest.o
configure:20850: $? = 0
configure:20860: result: yes
configure:20864: checking X11/Xlib.h presence
configure:20874: g++ -E  -I/usr/local/include conftest.cc
configure:20880: $? = 0
configure:20900: result: yes
configure:20935: checking for X11/Xlib.h
configure:20942: result: yes
configure:20969: checking for X11/Xatom.h
configure:20987: g++ -c -g -O2  -I/usr/local/include conftest.cc >&5
configure:20993: $? = 0
configure:20997: test -z 
			 || test ! -s conftest.err
configure:21000: $? = 0
configure:21003: test -s conftest.o
configure:21006: $? = 0
configure:21017: result: yes
configure:20969: checking for X11/Xlocale.h
configure:20987: g++ -c -g -O2  -I/usr/local/include conftest.cc >&5
configure:20993: $? = 0
configure:20997: test -z 
			 || test ! -s conftest.err
configure:21000: $? = 0
configure:21003: test -s conftest.o
configure:21006: $? = 0
configure:21017: result: yes
configure:20969: checking for X11/Xresource.h
configure:20987: g++ -c -g -O2  -I/usr/local/include conftest.cc >&5
configure:20993: $? = 0
configure:20997: test -z 
			 || test ! -s conftest.err
configure:21000: $? = 0
configure:21003: test -s conftest.o
configure:21006: $? = 0
configure:21017: result: yes
configure:20969: checking for X11/Xutil.h
configure:20987: g++ -c -g -O2  -I/usr/local/include conftest.cc >&5
configure:20993: $? = 0
configure:20997: test -z 
			 || test ! -s conftest.err
configure:21000: $? = 0
configure:21003: test -s conftest.o
configure:21006: $? = 0
configure:21017: result: yes
configure:20969: checking for X11/keysym.h
configure:20987: g++ -c -g -O2  -I/usr/local/include conftest.cc >&5
configure:20993: $? = 0
configure:20997: test -z 
			 || test ! -s conftest.err
configure:21000: $? = 0
configure:21003: test -s conftest.o
configure:21006: $? = 0
configure:21017: result: yes
configure:21034: checking whether to build support for the SHAPE extension
configure:21043: result: yes
configure:21047: checking for XShapeCombineShape in -lXext
configure:21077: g++ -o conftest -g -O2  -I/usr/local/include  -L/usr/local/lib conftest.cc -lXext   >&5
configure:21083: $? = 0
configure:21087: test -z 
			 || test ! -s conftest.err
configure:21090: $? = 0
configure:21093: test -s conftest
configure:21096: $? = 0
configure:21109: result: yes
configure:21128: checking for X11/extensions/shape.h
configure:21146: g++ -c -g -O2  -I/usr/local/include conftest.cc >&5
configure:21152: $? = 0
configure:21156: test -z 
			 || test ! -s conftest.err
configure:21159: $? = 0
configure:21162: test -s conftest.o
configure:21165: $? = 0
configure:21176: result: yes
configure:21204: checking whether to build support for the MIT-SHM extension
configure:21213: result: yes
configure:21217: checking for XShmPutImage in -lXext
configure:21247: g++ -o conftest -g -O2  -I/usr/local/include  -L/usr/local/lib conftest.cc -lXext   >&5
configure:21253: $? = 0
configure:21257: test -z 
			 || test ! -s conftest.err
configure:21260: $? = 0
configure:21263: test -s conftest
configure:21266: $? = 0
configure:21279: result: yes
configure:21296: checking for X11/extensions/XShm.h
configure:21314: g++ -c -g -O2  -I/usr/local/include conftest.cc >&5
configure:21320: $? = 0
configure:21324: test -z 
			 || test ! -s conftest.err
configure:21327: $? = 0
configure:21330: test -s conftest.o
configure:21333: $? = 0
configure:21344: result: yes
configure:21374: checking whether to build support for Xft
configure:21383: result: yes
configure:21435: checking for pkg-config
configure:21453: found /usr/bin/pkg-config
configure:21465: result: /usr/bin/pkg-config
configure:21480: checking pkg-config is at least version 0.9.0
configure:21483: result: yes
configure:21494: checking for xft_CFLAGS
configure:21502: $PKG_CONFIG --exists "xft >= 2.0.0" >/dev/null 2>&1
configure:21505: $? = 0
configure:21515: result: -I/usr/include/freetype2 -I/usr/include/libpng16 -I/usr/include/harfbuzz -I/usr/include/glib-2.0 -I/usr/lib/glib-2.0/include -I/usr/include/freetype2 -I/usr/include/libpng16 -I/usr/include/harfbuzz -I/usr/include/glib-2.0 -I/usr/lib/glib-2.0/include
configure:21517: checking for xft_LIBS
configure:21525: $PKG_CONFIG --exists "xft >= 2.0.0" >/dev/null 2>&1
configure:21528: $? = 0
configure:21538: result: -lXft
configure:21566: checking whether to include verbose debugging code
configure:21575: result: no
configure:21585: checking whether to include NLS support
configure:21594: result: yes
configure:21604: checking whether to enable maintainer-specific portions of Makefiles
configure:21613: result: no
configure:21756: creating ./config.status

## ---------------------- ##
## Running config.status. ##
## ---------------------- ##

This file was extended by blackbox config.status 0.70.1, which was
generated by GNU Autoconf 2.59.  Invocation command line was

  CONFIG_FILES    = 
  CONFIG_HEADERS  = 
  CONFIG_LINKS    = 
  CONFIG_COMMANDS = 
  $ ./config.status 

on nrag-agent

config.status:744: creating version.h
config.status:744: creating Makefile
config.status:744: creating data/Makefile
config.status:744: creating data/styles/Makefile
config.status:744: creating doc/Makefile
config.status:744: creating doc/fr_FR/Makefile
config.status:744: creating doc/ja_JP/Makefile
config.status:744: creating doc/nl_NL/Makefile
config.status:744: creating doc/sl_SI/Makefile
config.status:744: creating lib/Makefile
config.status:744: creating lib/libbt.pc
config.status:744: creating src/Makefile
config.status:744: creating util/Makefile
config.status:848: creating config.h
config.status:978: config.h is unchanged
config.status:1158: executing depfiles commands
configure:23097: result: 
configure:23099: result: 	blackbox version 0.70.1 configured successfully.
configure:23101: result: 
configure:23103: result: Using '/usr/local' for installation.
configure:23105: result: Using 'g++' for C++ compiler.
configure:23107: result: Building with ' -I/usr/local/include -g -O2 -I/usr/include/freetype2 -I/usr/include/libpng16 -I/usr/include/harfbuzz -I/usr/include/glib-2.0 -I/usr/lib/glib-2.0/include -I/usr/include/freetype2 -I/usr/include/libpng16 -I/usr/include/harfbuzz -I/usr/include/glib-2.0 -I/usr/lib/glib-2.0/include' for C++ compiler flags.
configure:23109: result: Building with ' -L/usr/local/lib  -lXext -lX11 -lXft' libraries.
configure:23111: result: 

## ---------------- ##
## Cache variables. ##
## ---------------- ##

ac_cv_build=x86_64-unknown-linux-gnu
ac_cv_build_alias=x86_64-unknown-linux-gnu
ac_cv_c_compiler_gnu=yes
ac_cv_cxx_compiler_gnu=yes
ac_cv_env_CC_set=
ac_cv_env_CC_value=
ac_cv_env_CFLAGS_set=
ac_cv_env_CFLAGS_value=
ac_cv_env_CPPFLAGS_set=
ac_cv_env_CPPFLAGS_value=
ac_cv_env_CPP_set=
ac_cv_env_CPP_value=
ac_cv_env_CXXCPP_set=
ac_cv_env_CXXCPP_value=
ac_cv_env_CXXFLAGS_set=
ac_cv_env_CXXFLAGS_value=
ac_cv_env_CXX_set=
ac_cv_env_CXX_value=
ac_cv_env_F77_set=
ac_cv_env_F77_value=
ac_cv_env_FFLAGS_set=
ac_cv_env_FFLAGS_value=
ac_cv_env_LDFLAGS_set=
ac_cv_env_LDFLAGS_value=
ac_cv_env_PKG_CONFIG_set=
ac_cv_env_PKG_CONFIG_value=
ac_cv_env_build_alias_set=
ac_cv_env_build_alias_value=
ac_cv_env_host_alias_set=
ac_cv_env_host_alias_value=
ac_cv_env_target_alias_set=
ac_cv_env_target_alias_value=
ac_cv_env_xft_CFLAGS_set=
ac_cv_env_xft_CFLAGS_value=
ac_cv_env_xft_LIBS_set=
ac_cv_env_xft_LIBS_value=
ac_cv_exeext=
ac_cv_f77_compiler_gnu=no
ac_cv_func_iconv_open=yes
ac_cv_func_setlocale=yes
ac_cv_have_x='have_x=yes 		ac_x_includes= ac_x_libraries='
ac_cv_header_X11_Xatom_h=yes
ac_cv_header_X11_Xlib_h=yes
ac_cv_header_X11_Xlocale_h=yes
ac_cv_header_X11_Xresource_h=yes
ac_cv_header_X11_Xutil_h=yes
ac_cv_header_X11_extensions_XShm_h=yes
ac_cv_header_X11_extensions_shape_h=yes
ac_cv_header_X11_keysym_h=yes
ac_cv_header_dlfcn_h=yes
ac_cv_header_inttypes_h=yes
ac_cv_header_memory_h=yes
ac_cv_header_stdc=yes
ac_cv_header_stdint_h=yes
ac_cv_header_stdlib_h=yes
ac_cv_header_string_h=yes
ac_cv_header_strings_h=yes
ac_cv_header_sys_stat_h=yes
ac_cv_header_sys_types_h=yes
ac_cv_header_unistd_h=yes
ac_cv_host=x86_64-unknown-linux-gnu
ac_cv_host_alias=x86_64-unknown-linux-gnu
ac_cv_lib_X11_XOpenDisplay=yes
ac_cv_lib_Xext_XShapeCombineShape=yes
ac_cv_lib_Xext_XShmPutImage=yes
ac_cv_lib_nsl_t_open=no
ac_cv_lib_socket_socket=no
ac_cv_objext=o
ac_cv_path_ac_pt_PKG_CONFIG=/usr/bin/pkg-config
ac_cv_path_install='/usr/bin/install -c'
ac_cv_prog_AWK=gawk
ac_cv_prog_CPP='gcc -E'
ac_cv_prog_CXXCPP='g++ -E'
ac_cv_prog_ac_ct_AR=ar
ac_cv_prog_ac_ct_CC=gcc
ac_cv_prog_ac_ct_CXX=g++
ac_cv_prog_ac_ct_RANLIB=ranlib
ac_cv_prog_ac_ct_STRIP=strip
ac_cv_prog_cc_g=yes
ac_cv_prog_cc_stdc=
ac_cv_prog_cxx_g=yes
ac_cv_prog_egrep='grep -E'
ac_cv_prog_f77_g=no
ac_cv_prog_gencat_cmd=gencat
ac_cv_prog_make_make_set=yes
ac_cv_prog_regex_cmd=sed
am_cv_CC_dependencies_compiler_type=gcc3
am_cv_CXX_dependencies_compiler_type=gcc3
lt_cv_deplibs_check_method=pass_all
lt_cv_file_magic_cmd='$MAGIC_CMD'
lt_cv_file_magic_test_file=
lt_cv_ld_reload_flag=-r
lt_cv_objdir=.libs
lt_cv_path_LD=/usr/bin/ld
lt_cv_path_LDCXX='/usr/bin/ld -m elf_x86_64'
lt_cv_path_NM='/usr/bin/nm -B'
lt_cv_path_SED=/usr/bin/sed
lt_cv_prog_compiler_c_o=yes
lt_cv_prog_compiler_c_o_CXX=yes
lt_cv_prog_compiler_rtti_exceptions=no
lt_cv_prog_gnu_ld=yes
lt_cv_prog_gnu_ldcxx=yes
lt_cv_sys_global_symbol_pipe='sed -n -e '\''s/^.*[ 	]\([ABCDGIRSTW][ABCDGIRSTW]*\)[ 	][ 	]*\([_A-Za-z][_A-Za-z0-9]*\)$/\1 \2 \2/p'\'''
lt_cv_sys_global_symbol_to_c_name_address='sed -n -e '\''s/^: \([^ ]*\) $/  {\"\1\", (lt_ptr) 0},/p'\'' -e '\''s/^[BCDEGRST] \([^ ]*\) \([^ ]*\)$/  {"\2", (lt_ptr) \&\2},/p'\'''
lt_cv_sys_global_symbol_to_cdecl='sed -n -e '\''s/^. .* \(.*\)$/extern int \1;/p'\'''
lt_cv_sys_max_cmd_len=32768
lt_lt_cv_prog_compiler_c_o='"yes"'
lt_lt_cv_prog_compiler_c_o_CXX='"yes"'
lt_lt_cv_sys_global_symbol_pipe='"sed -n -e '\''s/^.*[ 	]\\([ABCDGIRSTW][ABCDGIRSTW]*\\)[ 	][ 	]*\\([_A-Za-z][_A-Za-z0-9]*\\)\$/\\1 \\2 \\2/p'\''"'
lt_lt_cv_sys_global_symbol_to_c_name_address='"sed -n -e '\''s/^: \\([^ ]*\\) \$/  {\\\"\\1\\\", (lt_ptr) 0},/p'\'' -e '\''s/^[BCDEGRST] \\([^ ]*\\) \\([^ ]*\\)\$/  {\"\\2\", (lt_ptr) \\&\\2},/p'\''"'
lt_lt_cv_sys_global_symbol_to_cdecl='"sed -n -e '\''s/^. .* \\(.*\\)\$/extern int \\1;/p'\''"'
pkg_cv_xft_CFLAGS='-I/usr/include/freetype2 -I/usr/include/libpng16 -I/usr/include/harfbuzz -I/usr/include/glib-2.0 -I/usr/lib/glib-2.0/include -I/usr/include/freetype2 -I/usr/include/libpng16 -I/usr/include/harfbuzz -I/usr/include/glib-2.0 -I/usr/lib/glib-2.0/include'
pkg_cv_xft_LIBS=-lXft

## ----------------- ##
## Output variables. ##
## ----------------- ##

ACLOCAL='${SHELL} /home/vixadd/eclipse-workspace/ZebX/bbdev/missing --run aclocal-1.9'
AMDEPBACKSLASH='\'
AMDEP_FALSE='#'
AMDEP_TRUE=''
AMTAR='${SHELL} /home/vixadd/eclipse-workspace/ZebX/bbdev/missing --run tar'
AR='ar'
AUTOCONF='${SHELL} /home/vixadd/eclipse-workspace/ZebX/bbdev/missing --run autoconf'
AUTOHEADER='${SHELL} /home/vixadd/eclipse-workspace/ZebX/bbdev/missing --run autoheader'
AUTOMAKE='${SHELL} /home/vixadd/eclipse-workspace/ZebX/bbdev/missing --run automake-1.9'
AWK='gawk'
CC='gcc'
CCDEPMODE='depmode=gcc3'
CFLAGS='-g -O2'
CPP='gcc -E'
CPPFLAGS=' -I/usr/local/include'
CXX='g++'
CXXCPP='g++ -E'
CXXDEPMODE='depmode=gcc3'
CXXFLAGS='-g -O2 -I/usr/include/freetype2 -I/usr/include/libpng16 -I/usr/include/harfbuzz -I/usr/include/glib-2.0 -I/usr/lib/glib-2.0/include -I/usr/include/freetype2 -I/usr/include/libpng16 -I/usr/include/harfbuzz -I/usr/include/glib-2.0 -I/usr/lib/glib-2.0/include'
CYGPATH_W='echo'
DEBUG=''
DEFS='-DHAVE_CONFIG_H'
DEPDIR='.deps'
ECHO='echo'
ECHO_C=''
ECHO_N='-n'
ECHO_T=''
EGREP='grep -E'
EXEEXT=''
F77=''
FFLAGS=''
ICONV=''
INSTALL_DATA='${INSTALL} -m 644'
INSTALL_PROGRAM='${INSTALL}'
INSTALL_SCRIPT='${INSTALL}'
INSTALL_STRIP_PROGRAM='${SHELL} $(install_sh) -c -s'
LDFLAGS=' -L/usr/local/lib'
LIBOBJS=''
LIBS=' -lXext -lX11 -lXft'
LIBTOOL='$(SHELL) $(top_builddir)/libtool'
LIBTOOL_DEPS='./ltmain.sh'
LN_S='ln -s'
LOCALE=''
LTLIBOBJS=''
MAINT='#'
MAINTAINER_MODE_FALSE=''
MAINTAINER_MODE_TRUE='#'
MAKEINFO='${SHELL} /home/vixadd/eclipse-workspace/ZebX/bbdev/missing --run makeinfo'
MITSHM='-DMITSHM'
NLS='-DNLS'
OBJEXT='o'
PACKAGE='blackbox'
PACKAGE_BUGREPORT='http://blackboxwm.sourceforge.net'
PACKAGE_NAME='blackbox'
PACKAGE_STRING='blackbox 0.70.1'
PACKAGE_TARNAME='blackbox'
PACKAGE_VERSION='0.70.1'
PATH_SEPARATOR=':'
PKG_CONFIG='/usr/bin/pkg-config'
RANLIB='ranlib'
SET_MAKE=''
SHAPE='-DSHAPE'
SHELL='/bin/sh'
STRIP='strip'
VERSION='0.70.1'
XFT='-DXFT'
XFT_PKGCONFIG='xft >= 2.0.0'
ac_ct_AR='ar'
ac_ct_CC='gcc'
ac_ct_CXX='g++'
ac_ct_F77=''
ac_ct_RANLIB='ranlib'
ac_ct_STRIP='strip'
ac_pt_PKG_CONFIG='/usr/bin/pkg-config'
am__fastdepCC_FALSE='#'
am__fastdepCC_TRUE=''
am__fastdepCXX_FALSE='#'
am__fastdepCXX_TRUE=''
am__include='include'
am__leading_dot='.'
am__quote=''
am__tar='${AMTAR} chof - "$$tardir"'
am__untar='${AMTAR} xf -'
bindir='${exec_prefix}/bin'
build='x86_64-unknown-linux-gnu'
build_alias=''
build_cpu='x86_64'
build_os='linux-gnu'
build_vendor='unknown'
datadir='${prefix}/share'
exec_prefix='${prefix}'
gencat_cmd='gencat'
host='x86_64-unknown-linux-gnu'
host_alias=''
host_cpu='x86_64'
host_os='linux-gnu'
host_vendor='unknown'
includedir='${prefix}/include'
infodir='${prefix}/info'
install_sh='/home/vixadd/eclipse-workspace/ZebX/bbdev/install-sh'
libdir='${exec_prefix}/lib'
libexecdir='${exec_prefix}/libexec'
localstatedir='${prefix}/var'
mandir='${prefix}/man'
mkdir_p='mkdir -p --'
oldincludedir='/usr/include'
prefix='/usr/local'
program_transform_name='s,x,x,'
regex_cmd='sed'
sbindir='${exec_prefix}/sbin'
sharedstatedir='${prefix}/com'
sysconfdir='${prefix}/etc'
target_alias=''
xft_CFLAGS='-I/usr/include/freetype2 -I/usr/include/libpng16 -I/usr/include/harfbuzz -I/usr/include/glib-2.0 -I/usr/lib/glib-2.0/include -I/usr/include/freetype2 -I/usr/include/libpng16 -I/usr/include/harfbuzz -I/usr/include/glib-2.0 -I/usr/lib/glib-2.0/include'
xft_LIBS='-lXft'

## ----------- ##
## confdefs.h. ##
## ----------- ##

#define HAVE_DLFCN_H 1
#define HAVE_ICONV_OPEN 1
#define HAVE_INTTYPES_H 1
#define HAVE_MEMORY_H 1
#define HAVE_NL_LANGINFO 1
#define HAVE_SETLOCALE 1
#define HAVE_STDINT_H 1
#define HAVE_STDLIB_H 1
#define HAVE_STRINGS_H 1
#define HAVE_STRING_H 1
#define HAVE_SYS_STAT_H 1
#define HAVE_SYS_TYPES_H 1
#define HAVE_UNISTD_H 1
#define HAVE_X11_EXTENSIONS_SHAPE_H 1
#define HAVE_X11_EXTENSIONS_XSHM_H 1
#define HAVE_X11_KEYSYM_H 1
#define HAVE_X11_XATOM_H 1
#define HAVE_X11_XLIB_H 1
#define HAVE_X11_XLOCALE_H 1
#define HAVE_X11_XRESOURCE_H 1
#define HAVE_X11_XUTIL_H 1
#define PACKAGE "blackbox"
#define PACKAGE_BUGREPORT "http://blackboxwm.sourceforge.net"
#define PACKAGE_NAME "blackbox"
#define PACKAGE_STRING "blackbox 0.70.1"
#define PACKAGE_TARNAME "blackbox"
#define PACKAGE_VERSION "0.70.1"
#define STDC_HEADERS 1
#define VERSION "0.70.1"
#endif
#ifdef __cplusplus
extern "C" void std::exit (int) throw (); using std::exit;

configure: exit 0
